0 verbose cli C:\Program Files\nodejs\node.exe C:\Users\Dhruv Mendiratta\AppData\Roaming\npm\node_modules\npm\bin\npm-cli.js
1 info using npm@11.3.0
2 info using node@v22.14.0
3 silly config load:file:C:\Users\Dhruv Mendiratta\AppData\Roaming\npm\node_modules\npm\npmrc
4 silly config load:file:d:\portfolio\portfolio-new\.npmrc
5 silly config load:file:C:\Users\Dhruv Mendiratta\.npmrc
6 silly config load:file:C:\Users\Dhruv Mendiratta\AppData\Roaming\npm\etc\npmrc
7 verbose title npm view autoprefixer description dist-tags.latest homepage version time
8 verbose argv "view" "--json" "--" "autoprefixer" "description" "dist-tags.latest" "homepage" "version" "time"
9 verbose logfile logs-max:10 dir:d:\portfolio\portfolio-new\clean\_logs\2025-04-15T14_16_17_074Z-
10 verbose logfile d:\portfolio\portfolio-new\clean\_logs\2025-04-15T14_16_17_074Z-debug-0.log
11 silly logfile start cleaning logs, removing 2 files
12 silly logfile done cleaning log files
13 http fetch GET 200 https://registry.npmjs.org/autoprefixer 213ms (cache updated)
14 verbose cwd d:\portfolio\portfolio-new
15 verbose os Windows_NT 10.0.26120
16 verbose node v22.14.0
17 verbose npm  v11.3.0
18 verbose exit 0
19 info ok
